[2022-01-27T19:02:00.593] [WARN] myWarn - Unhandled Rejection at: Error: "id" es un campo requerido
    at Mensaje.set id [as id] (E:\Users\Fede\Documents\DESA\backend\clase42\modelos\Mensaje.js:17:24)
    at new Mensaje (E:\Users\Fede\Documents\DESA\backend\clase42\modelos\Mensaje.js:8:17)
    at asModel (E:\Users\Fede\Documents\DESA\backend\clase42\mappers\mensajesMapper.js:29:21)
    at E:\Users\Fede\Documents\DESA\backend\clase42\mappers\mensajesMapper.js:34:37
    at Array.map (<anonymous>)
    at asModels (E:\Users\Fede\Documents\DESA\backend\clase42\mappers\mensajesMapper.js:34:28)
    at MensajesRepo.getAll (E:\Users\Fede\Documents\DESA\backend\clase42\repositorios\MensajesRepo.js:17:26)
    at processTicksAndRejections (internal/process/task_queues.js:93:5)
    at async MensajesApi.getAll (E:\Users\Fede\Documents\DESA\backend\clase42\controllers\mensajesController.js:24:26)
    at async E:\Users\Fede\Documents\DESA\backend\clase42\services\sockets.js:12:28
[2022-01-27T19:09:41.243] [WARN] myWarn - Unhandled Rejection at: Error: "id" es un campo requerido
    at Mensaje.set id [as id] (E:\Users\Fede\Documents\DESA\backend\clase42\modelos\Mensaje.js:17:24)
    at new Mensaje (E:\Users\Fede\Documents\DESA\backend\clase42\modelos\Mensaje.js:8:17)
    at asModel (E:\Users\Fede\Documents\DESA\backend\clase42\mappers\mensajesMapper.js:29:21)
    at E:\Users\Fede\Documents\DESA\backend\clase42\mappers\mensajesMapper.js:34:37
    at Array.map (<anonymous>)
    at asModels (E:\Users\Fede\Documents\DESA\backend\clase42\mappers\mensajesMapper.js:34:28)
    at MensajesRepo.getAll (E:\Users\Fede\Documents\DESA\backend\clase42\repositorios\MensajesRepo.js:17:26)
    at processTicksAndRejections (internal/process/task_queues.js:93:5)
    at async MensajesApi.getAll (E:\Users\Fede\Documents\DESA\backend\clase42\controllers\mensajesController.js:24:26)
    at async E:\Users\Fede\Documents\DESA\backend\clase42\services\sockets.js:12:28
[2022-01-27T19:18:56.259] [WARN] myWarn - Unhandled Rejection at: Error: "id" es un campo requerido
    at Mensaje.set id [as id] (E:\Users\Fede\Documents\DESA\backend\clase42\modelos\Mensaje.js:17:24)
    at new Mensaje (E:\Users\Fede\Documents\DESA\backend\clase42\modelos\Mensaje.js:8:17)
    at asModel (E:\Users\Fede\Documents\DESA\backend\clase42\mappers\mensajesMapper.js:29:21)
    at E:\Users\Fede\Documents\DESA\backend\clase42\mappers\mensajesMapper.js:34:37
    at Array.map (<anonymous>)
    at asModels (E:\Users\Fede\Documents\DESA\backend\clase42\mappers\mensajesMapper.js:34:28)
    at MensajesRepo.getAll (E:\Users\Fede\Documents\DESA\backend\clase42\repositorios\MensajesRepo.js:17:26)
    at processTicksAndRejections (internal/process/task_queues.js:93:5)
    at async MensajesApi.getAll (E:\Users\Fede\Documents\DESA\backend\clase42\controllers\mensajesController.js:24:26)
    at async E:\Users\Fede\Documents\DESA\backend\clase42\services\sockets.js:12:28
[2022-01-27T19:19:05.244] [WARN] myWarn - Unhandled Rejection at: Error: "id" es un campo requerido
    at Mensaje.set id [as id] (E:\Users\Fede\Documents\DESA\backend\clase42\modelos\Mensaje.js:17:24)
    at new Mensaje (E:\Users\Fede\Documents\DESA\backend\clase42\modelos\Mensaje.js:8:17)
    at asModel (E:\Users\Fede\Documents\DESA\backend\clase42\mappers\mensajesMapper.js:29:21)
    at E:\Users\Fede\Documents\DESA\backend\clase42\mappers\mensajesMapper.js:34:37
    at Array.map (<anonymous>)
    at asModels (E:\Users\Fede\Documents\DESA\backend\clase42\mappers\mensajesMapper.js:34:28)
    at MensajesRepo.getAll (E:\Users\Fede\Documents\DESA\backend\clase42\repositorios\MensajesRepo.js:17:26)
    at processTicksAndRejections (internal/process/task_queues.js:93:5)
    at async MensajesApi.getAll (E:\Users\Fede\Documents\DESA\backend\clase42\controllers\mensajesController.js:24:26)
    at async E:\Users\Fede\Documents\DESA\backend\clase42\services\sockets.js:12:28
[2022-01-27T19:20:34.244] [WARN] myWarn - Unhandled Rejection at: Error: "id" es un campo requerido
    at Mensaje.set id [as id] (E:\Users\Fede\Documents\DESA\backend\clase42\modelos\Mensaje.js:17:24)
    at new Mensaje (E:\Users\Fede\Documents\DESA\backend\clase42\modelos\Mensaje.js:8:17)
    at asModel (E:\Users\Fede\Documents\DESA\backend\clase42\mappers\mensajesMapper.js:29:21)
    at E:\Users\Fede\Documents\DESA\backend\clase42\mappers\mensajesMapper.js:34:37
    at Array.map (<anonymous>)
    at asModels (E:\Users\Fede\Documents\DESA\backend\clase42\mappers\mensajesMapper.js:34:28)
    at MensajesRepo.getAll (E:\Users\Fede\Documents\DESA\backend\clase42\repositorios\MensajesRepo.js:17:26)
    at processTicksAndRejections (internal/process/task_queues.js:93:5)
    at async MensajesApi.getAll (E:\Users\Fede\Documents\DESA\backend\clase42\controllers\mensajesController.js:24:26)
    at async E:\Users\Fede\Documents\DESA\backend\clase42\services\sockets.js:12:28
[2022-01-27T19:21:03.250] [WARN] myWarn - Unhandled Rejection at: Error: "id" es un campo requerido
    at Mensaje.set id [as id] (E:\Users\Fede\Documents\DESA\backend\clase42\modelos\Mensaje.js:17:24)
    at new Mensaje (E:\Users\Fede\Documents\DESA\backend\clase42\modelos\Mensaje.js:8:17)
    at asModel (E:\Users\Fede\Documents\DESA\backend\clase42\mappers\mensajesMapper.js:29:21)
    at E:\Users\Fede\Documents\DESA\backend\clase42\mappers\mensajesMapper.js:34:37
    at Array.map (<anonymous>)
    at asModels (E:\Users\Fede\Documents\DESA\backend\clase42\mappers\mensajesMapper.js:34:28)
    at MensajesRepo.getAll (E:\Users\Fede\Documents\DESA\backend\clase42\repositorios\MensajesRepo.js:17:26)
    at processTicksAndRejections (internal/process/task_queues.js:93:5)
    at async MensajesApi.getAll (E:\Users\Fede\Documents\DESA\backend\clase42\controllers\mensajesController.js:24:26)
    at async E:\Users\Fede\Documents\DESA\backend\clase42\services\sockets.js:12:28
[2022-01-27T19:21:40.026] [WARN] myWarn - Password incorrecto!
[2022-01-27T19:21:44.816] [WARN] myWarn - Password incorrecto!
[2022-01-27T19:21:51.121] [WARN] myWarn - Password incorrecto!
[2022-01-27T19:21:54.232] [WARN] myWarn - Unhandled Rejection at: Error: "id" es un campo requerido
    at Mensaje.set id [as id] (E:\Users\Fede\Documents\DESA\backend\clase42\modelos\Mensaje.js:17:24)
    at new Mensaje (E:\Users\Fede\Documents\DESA\backend\clase42\modelos\Mensaje.js:8:17)
    at asModel (E:\Users\Fede\Documents\DESA\backend\clase42\mappers\mensajesMapper.js:29:21)
    at E:\Users\Fede\Documents\DESA\backend\clase42\mappers\mensajesMapper.js:34:37
    at Array.map (<anonymous>)
    at asModels (E:\Users\Fede\Documents\DESA\backend\clase42\mappers\mensajesMapper.js:34:28)
    at MensajesRepo.getAll (E:\Users\Fede\Documents\DESA\backend\clase42\repositorios\MensajesRepo.js:17:26)
    at processTicksAndRejections (internal/process/task_queues.js:93:5)
    at async MensajesApi.getAll (E:\Users\Fede\Documents\DESA\backend\clase42\controllers\mensajesController.js:24:26)
    at async E:\Users\Fede\Documents\DESA\backend\clase42\services\sockets.js:12:28
[2022-01-27T19:21:56.035] [WARN] myWarn - Unhandled Rejection at: Error: "id" es un campo requerido
    at Mensaje.set id [as id] (E:\Users\Fede\Documents\DESA\backend\clase42\modelos\Mensaje.js:17:24)
    at new Mensaje (E:\Users\Fede\Documents\DESA\backend\clase42\modelos\Mensaje.js:8:17)
    at asModel (E:\Users\Fede\Documents\DESA\backend\clase42\mappers\mensajesMapper.js:29:21)
    at E:\Users\Fede\Documents\DESA\backend\clase42\mappers\mensajesMapper.js:34:37
    at Array.map (<anonymous>)
    at asModels (E:\Users\Fede\Documents\DESA\backend\clase42\mappers\mensajesMapper.js:34:28)
    at MensajesRepo.getAll (E:\Users\Fede\Documents\DESA\backend\clase42\repositorios\MensajesRepo.js:17:26)
    at processTicksAndRejections (internal/process/task_queues.js:93:5)
    at async MensajesApi.getAll (E:\Users\Fede\Documents\DESA\backend\clase42\controllers\mensajesController.js:24:26)
    at async E:\Users\Fede\Documents\DESA\backend\clase42\services\sockets.js:12:28
[2022-01-27T19:22:37.078] [WARN] myWarn - Unhandled Rejection at: Error: "id" es un campo requerido
    at Mensaje.set id [as id] (E:\Users\Fede\Documents\DESA\backend\clase42\modelos\Mensaje.js:17:24)
    at new Mensaje (E:\Users\Fede\Documents\DESA\backend\clase42\modelos\Mensaje.js:8:17)
    at asModel (E:\Users\Fede\Documents\DESA\backend\clase42\mappers\mensajesMapper.js:29:21)
    at E:\Users\Fede\Documents\DESA\backend\clase42\mappers\mensajesMapper.js:34:37
    at Array.map (<anonymous>)
    at asModels (E:\Users\Fede\Documents\DESA\backend\clase42\mappers\mensajesMapper.js:34:28)
    at MensajesRepo.getAll (E:\Users\Fede\Documents\DESA\backend\clase42\repositorios\MensajesRepo.js:17:26)
    at processTicksAndRejections (internal/process/task_queues.js:93:5)
    at async MensajesApi.getAll (E:\Users\Fede\Documents\DESA\backend\clase42\controllers\mensajesController.js:24:26)
    at async E:\Users\Fede\Documents\DESA\backend\clase42\services\sockets.js:12:28
[2022-01-27T19:22:38.485] [WARN] myWarn - Unhandled Rejection at: Error: "id" es un campo requerido
    at Mensaje.set id [as id] (E:\Users\Fede\Documents\DESA\backend\clase42\modelos\Mensaje.js:17:24)
    at new Mensaje (E:\Users\Fede\Documents\DESA\backend\clase42\modelos\Mensaje.js:8:17)
    at asModel (E:\Users\Fede\Documents\DESA\backend\clase42\mappers\mensajesMapper.js:29:21)
    at E:\Users\Fede\Documents\DESA\backend\clase42\mappers\mensajesMapper.js:34:37
    at Array.map (<anonymous>)
    at asModels (E:\Users\Fede\Documents\DESA\backend\clase42\mappers\mensajesMapper.js:34:28)
    at MensajesRepo.getAll (E:\Users\Fede\Documents\DESA\backend\clase42\repositorios\MensajesRepo.js:17:26)
    at processTicksAndRejections (internal/process/task_queues.js:93:5)
    at async MensajesApi.getAll (E:\Users\Fede\Documents\DESA\backend\clase42\controllers\mensajesController.js:24:26)
    at async E:\Users\Fede\Documents\DESA\backend\clase42\services\sockets.js:12:28
[2022-01-27T19:22:47.235] [WARN] myWarn - Unhandled Rejection at: Error: "id" es un campo requerido
    at Mensaje.set id [as id] (E:\Users\Fede\Documents\DESA\backend\clase42\modelos\Mensaje.js:17:24)
    at new Mensaje (E:\Users\Fede\Documents\DESA\backend\clase42\modelos\Mensaje.js:8:17)
    at asModel (E:\Users\Fede\Documents\DESA\backend\clase42\mappers\mensajesMapper.js:29:21)
    at E:\Users\Fede\Documents\DESA\backend\clase42\mappers\mensajesMapper.js:34:37
    at Array.map (<anonymous>)
    at asModels (E:\Users\Fede\Documents\DESA\backend\clase42\mappers\mensajesMapper.js:34:28)
    at MensajesRepo.getAll (E:\Users\Fede\Documents\DESA\backend\clase42\repositorios\MensajesRepo.js:17:26)
    at processTicksAndRejections (internal/process/task_queues.js:93:5)
    at async MensajesApi.getAll (E:\Users\Fede\Documents\DESA\backend\clase42\controllers\mensajesController.js:24:26)
    at async E:\Users\Fede\Documents\DESA\backend\clase42\services\sockets.js:12:28
[2022-01-27T19:24:55.246] [WARN] myWarn - Unhandled Rejection at: Error: "id" es un campo requerido
    at Mensaje.set id [as id] (E:\Users\Fede\Documents\DESA\backend\clase42\modelos\Mensaje.js:17:24)
    at new Mensaje (E:\Users\Fede\Documents\DESA\backend\clase42\modelos\Mensaje.js:8:17)
    at asModel (E:\Users\Fede\Documents\DESA\backend\clase42\mappers\mensajesMapper.js:29:21)
    at E:\Users\Fede\Documents\DESA\backend\clase42\mappers\mensajesMapper.js:34:37
    at Array.map (<anonymous>)
    at asModels (E:\Users\Fede\Documents\DESA\backend\clase42\mappers\mensajesMapper.js:34:28)
    at MensajesRepo.getAll (E:\Users\Fede\Documents\DESA\backend\clase42\repositorios\MensajesRepo.js:17:26)
    at processTicksAndRejections (internal/process/task_queues.js:93:5)
    at async MensajesApi.getAll (E:\Users\Fede\Documents\DESA\backend\clase42\controllers\mensajesController.js:24:26)
    at async E:\Users\Fede\Documents\DESA\backend\clase42\services\sockets.js:12:28
[2022-01-27T19:25:19.246] [WARN] myWarn - Unhandled Rejection at: Error: "id" es un campo requerido
    at Mensaje.set id [as id] (E:\Users\Fede\Documents\DESA\backend\clase42\modelos\Mensaje.js:17:24)
    at new Mensaje (E:\Users\Fede\Documents\DESA\backend\clase42\modelos\Mensaje.js:8:17)
    at asModel (E:\Users\Fede\Documents\DESA\backend\clase42\mappers\mensajesMapper.js:29:21)
    at E:\Users\Fede\Documents\DESA\backend\clase42\mappers\mensajesMapper.js:34:37
    at Array.map (<anonymous>)
    at asModels (E:\Users\Fede\Documents\DESA\backend\clase42\mappers\mensajesMapper.js:34:28)
    at MensajesRepo.getAll (E:\Users\Fede\Documents\DESA\backend\clase42\repositorios\MensajesRepo.js:17:26)
    at processTicksAndRejections (internal/process/task_queues.js:93:5)
    at async MensajesApi.getAll (E:\Users\Fede\Documents\DESA\backend\clase42\controllers\mensajesController.js:24:26)
    at async E:\Users\Fede\Documents\DESA\backend\clase42\services\sockets.js:12:28
[2022-01-27T19:25:37.806] [WARN] myWarn - Unhandled Rejection at: Error: "id" es un campo requerido
    at Mensaje.set id [as id] (E:\Users\Fede\Documents\DESA\backend\clase42\modelos\Mensaje.js:17:24)
    at new Mensaje (E:\Users\Fede\Documents\DESA\backend\clase42\modelos\Mensaje.js:8:17)
    at asModel (E:\Users\Fede\Documents\DESA\backend\clase42\mappers\mensajesMapper.js:29:21)
    at E:\Users\Fede\Documents\DESA\backend\clase42\mappers\mensajesMapper.js:34:37
    at Array.map (<anonymous>)
    at asModels (E:\Users\Fede\Documents\DESA\backend\clase42\mappers\mensajesMapper.js:34:28)
    at MensajesRepo.getAll (E:\Users\Fede\Documents\DESA\backend\clase42\repositorios\MensajesRepo.js:17:26)
    at processTicksAndRejections (internal/process/task_queues.js:93:5)
    at async MensajesApi.getAll (E:\Users\Fede\Documents\DESA\backend\clase42\controllers\mensajesController.js:24:26)
    at async E:\Users\Fede\Documents\DESA\backend\clase42\services\sockets.js:12:28
[2022-01-27T19:26:04.236] [WARN] myWarn - Unhandled Rejection at: Error: "id" es un campo requerido
    at Mensaje.set id [as id] (E:\Users\Fede\Documents\DESA\backend\clase42\modelos\Mensaje.js:17:24)
    at new Mensaje (E:\Users\Fede\Documents\DESA\backend\clase42\modelos\Mensaje.js:8:17)
    at asModel (E:\Users\Fede\Documents\DESA\backend\clase42\mappers\mensajesMapper.js:29:21)
    at E:\Users\Fede\Documents\DESA\backend\clase42\mappers\mensajesMapper.js:34:37
    at Array.map (<anonymous>)
    at asModels (E:\Users\Fede\Documents\DESA\backend\clase42\mappers\mensajesMapper.js:34:28)
    at MensajesRepo.getAll (E:\Users\Fede\Documents\DESA\backend\clase42\repositorios\MensajesRepo.js:17:26)
    at processTicksAndRejections (internal/process/task_queues.js:93:5)
    at async MensajesApi.getAll (E:\Users\Fede\Documents\DESA\backend\clase42\controllers\mensajesController.js:24:26)
    at async E:\Users\Fede\Documents\DESA\backend\clase42\services\sockets.js:12:28
[2022-01-27T19:28:24.247] [WARN] myWarn - Unhandled Rejection at: Error: "id" es un campo requerido
    at Mensaje.set id [as id] (E:\Users\Fede\Documents\DESA\backend\clase42\modelos\Mensaje.js:17:24)
    at new Mensaje (E:\Users\Fede\Documents\DESA\backend\clase42\modelos\Mensaje.js:8:17)
    at asModel (E:\Users\Fede\Documents\DESA\backend\clase42\mappers\mensajesMapper.js:29:21)
    at E:\Users\Fede\Documents\DESA\backend\clase42\mappers\mensajesMapper.js:34:37
    at Array.map (<anonymous>)
    at asModels (E:\Users\Fede\Documents\DESA\backend\clase42\mappers\mensajesMapper.js:34:28)
    at MensajesRepo.getAll (E:\Users\Fede\Documents\DESA\backend\clase42\repositorios\MensajesRepo.js:17:26)
    at processTicksAndRejections (internal/process/task_queues.js:93:5)
    at async MensajesApi.getAll (E:\Users\Fede\Documents\DESA\backend\clase42\controllers\mensajesController.js:24:26)
    at async E:\Users\Fede\Documents\DESA\backend\clase42\services\sockets.js:12:28
[2022-01-27T19:29:02.239] [WARN] myWarn - Unhandled Rejection at: Error: "id" es un campo requerido
    at Mensaje.set id [as id] (E:\Users\Fede\Documents\DESA\backend\clase42\modelos\Mensaje.js:17:24)
    at new Mensaje (E:\Users\Fede\Documents\DESA\backend\clase42\modelos\Mensaje.js:8:17)
    at asModel (E:\Users\Fede\Documents\DESA\backend\clase42\mappers\mensajesMapper.js:29:21)
    at E:\Users\Fede\Documents\DESA\backend\clase42\mappers\mensajesMapper.js:34:37
    at Array.map (<anonymous>)
    at asModels (E:\Users\Fede\Documents\DESA\backend\clase42\mappers\mensajesMapper.js:34:28)
    at MensajesRepo.getAll (E:\Users\Fede\Documents\DESA\backend\clase42\repositorios\MensajesRepo.js:17:26)
    at processTicksAndRejections (internal/process/task_queues.js:93:5)
    at async MensajesApi.getAll (E:\Users\Fede\Documents\DESA\backend\clase42\controllers\mensajesController.js:24:26)
    at async E:\Users\Fede\Documents\DESA\backend\clase42\services\sockets.js:12:28
[2022-01-27T19:29:11.246] [WARN] myWarn - Unhandled Rejection at: Error: "id" es un campo requerido
    at Mensaje.set id [as id] (E:\Users\Fede\Documents\DESA\backend\clase42\modelos\Mensaje.js:17:24)
    at new Mensaje (E:\Users\Fede\Documents\DESA\backend\clase42\modelos\Mensaje.js:8:17)
    at asModel (E:\Users\Fede\Documents\DESA\backend\clase42\mappers\mensajesMapper.js:29:21)
    at E:\Users\Fede\Documents\DESA\backend\clase42\mappers\mensajesMapper.js:34:37
    at Array.map (<anonymous>)
    at asModels (E:\Users\Fede\Documents\DESA\backend\clase42\mappers\mensajesMapper.js:34:28)
    at MensajesRepo.getAll (E:\Users\Fede\Documents\DESA\backend\clase42\repositorios\MensajesRepo.js:17:26)
    at processTicksAndRejections (internal/process/task_queues.js:93:5)
    at async MensajesApi.getAll (E:\Users\Fede\Documents\DESA\backend\clase42\controllers\mensajesController.js:24:26)
    at async E:\Users\Fede\Documents\DESA\backend\clase42\services\sockets.js:12:28
[2022-01-27T19:29:25.278] [WARN] myWarn - Unhandled Rejection at: Error: "id" es un campo requerido
    at Mensaje.set id [as id] (E:\Users\Fede\Documents\DESA\backend\clase42\modelos\Mensaje.js:17:24)
    at new Mensaje (E:\Users\Fede\Documents\DESA\backend\clase42\modelos\Mensaje.js:8:17)
    at asModel (E:\Users\Fede\Documents\DESA\backend\clase42\mappers\mensajesMapper.js:29:21)
    at E:\Users\Fede\Documents\DESA\backend\clase42\mappers\mensajesMapper.js:34:37
    at Array.map (<anonymous>)
    at asModels (E:\Users\Fede\Documents\DESA\backend\clase42\mappers\mensajesMapper.js:34:28)
    at MensajesRepo.getAll (E:\Users\Fede\Documents\DESA\backend\clase42\repositorios\MensajesRepo.js:17:26)
    at processTicksAndRejections (internal/process/task_queues.js:93:5)
    at async MensajesApi.getAll (E:\Users\Fede\Documents\DESA\backend\clase42\controllers\mensajesController.js:24:26)
    at async E:\Users\Fede\Documents\DESA\backend\clase42\services\sockets.js:12:28
[2022-01-27T19:29:43.023] [WARN] myWarn - Unhandled Rejection at: Error: "id" es un campo requerido
    at Mensaje.set id [as id] (E:\Users\Fede\Documents\DESA\backend\clase42\modelos\Mensaje.js:17:24)
    at new Mensaje (E:\Users\Fede\Documents\DESA\backend\clase42\modelos\Mensaje.js:8:17)
    at asModel (E:\Users\Fede\Documents\DESA\backend\clase42\mappers\mensajesMapper.js:29:21)
    at E:\Users\Fede\Documents\DESA\backend\clase42\mappers\mensajesMapper.js:34:37
    at Array.map (<anonymous>)
    at asModels (E:\Users\Fede\Documents\DESA\backend\clase42\mappers\mensajesMapper.js:34:28)
    at MensajesRepo.getAll (E:\Users\Fede\Documents\DESA\backend\clase42\repositorios\MensajesRepo.js:17:26)
    at processTicksAndRejections (internal/process/task_queues.js:93:5)
    at async MensajesApi.getAll (E:\Users\Fede\Documents\DESA\backend\clase42\controllers\mensajesController.js:24:26)
    at async E:\Users\Fede\Documents\DESA\backend\clase42\services\sockets.js:12:28
[2022-01-27T19:29:57.416] [WARN] myWarn - Unhandled Rejection at: Error: "id" es un campo requerido
    at Mensaje.set id [as id] (E:\Users\Fede\Documents\DESA\backend\clase42\modelos\Mensaje.js:17:24)
    at new Mensaje (E:\Users\Fede\Documents\DESA\backend\clase42\modelos\Mensaje.js:8:17)
    at asModel (E:\Users\Fede\Documents\DESA\backend\clase42\mappers\mensajesMapper.js:29:21)
    at E:\Users\Fede\Documents\DESA\backend\clase42\mappers\mensajesMapper.js:34:37
    at Array.map (<anonymous>)
    at asModels (E:\Users\Fede\Documents\DESA\backend\clase42\mappers\mensajesMapper.js:34:28)
    at MensajesRepo.getAll (E:\Users\Fede\Documents\DESA\backend\clase42\repositorios\MensajesRepo.js:17:26)
    at processTicksAndRejections (internal/process/task_queues.js:93:5)
    at async MensajesApi.getAll (E:\Users\Fede\Documents\DESA\backend\clase42\controllers\mensajesController.js:24:26)
    at async E:\Users\Fede\Documents\DESA\backend\clase42\services\sockets.js:12:28
[2022-01-27T19:31:38.518] [WARN] myWarn - Unhandled Rejection at: Error: "id" es un campo requerido
    at Mensaje.set id [as id] (E:\Users\Fede\Documents\DESA\backend\clase42\modelos\Mensaje.js:17:24)
    at new Mensaje (E:\Users\Fede\Documents\DESA\backend\clase42\modelos\Mensaje.js:8:17)
    at asModel (E:\Users\Fede\Documents\DESA\backend\clase42\mappers\mensajesMapper.js:29:21)
    at E:\Users\Fede\Documents\DESA\backend\clase42\mappers\mensajesMapper.js:34:37
    at Array.map (<anonymous>)
    at asModels (E:\Users\Fede\Documents\DESA\backend\clase42\mappers\mensajesMapper.js:34:28)
    at MensajesRepo.getAll (E:\Users\Fede\Documents\DESA\backend\clase42\repositorios\MensajesRepo.js:17:26)
    at processTicksAndRejections (internal/process/task_queues.js:93:5)
    at async MensajesApi.getAll (E:\Users\Fede\Documents\DESA\backend\clase42\controllers\mensajesController.js:24:26)
    at async E:\Users\Fede\Documents\DESA\backend\clase42\services\sockets.js:12:28
[2022-01-27T19:31:57.017] [WARN] myWarn - Unhandled Rejection at: Error: "id" es un campo requerido
    at Mensaje.set id [as id] (E:\Users\Fede\Documents\DESA\backend\clase42\modelos\Mensaje.js:17:24)
    at new Mensaje (E:\Users\Fede\Documents\DESA\backend\clase42\modelos\Mensaje.js:8:17)
    at asModel (E:\Users\Fede\Documents\DESA\backend\clase42\mappers\mensajesMapper.js:29:21)
    at E:\Users\Fede\Documents\DESA\backend\clase42\mappers\mensajesMapper.js:34:37
    at Array.map (<anonymous>)
    at asModels (E:\Users\Fede\Documents\DESA\backend\clase42\mappers\mensajesMapper.js:34:28)
    at MensajesRepo.getAll (E:\Users\Fede\Documents\DESA\backend\clase42\repositorios\MensajesRepo.js:17:26)
    at processTicksAndRejections (internal/process/task_queues.js:93:5)
    at async MensajesApi.getAll (E:\Users\Fede\Documents\DESA\backend\clase42\controllers\mensajesController.js:24:26)
    at async E:\Users\Fede\Documents\DESA\backend\clase42\services\sockets.js:12:28
[2022-01-27T19:32:37.530] [WARN] myWarn - Unhandled Rejection at: Error: "id" es un campo requerido
    at Mensaje.set id [as id] (E:\Users\Fede\Documents\DESA\backend\clase42\modelos\Mensaje.js:17:24)
    at new Mensaje (E:\Users\Fede\Documents\DESA\backend\clase42\modelos\Mensaje.js:8:17)
    at asModel (E:\Users\Fede\Documents\DESA\backend\clase42\mappers\mensajesMapper.js:29:21)
    at E:\Users\Fede\Documents\DESA\backend\clase42\mappers\mensajesMapper.js:34:37
    at Array.map (<anonymous>)
    at asModels (E:\Users\Fede\Documents\DESA\backend\clase42\mappers\mensajesMapper.js:34:28)
    at MensajesRepo.getAll (E:\Users\Fede\Documents\DESA\backend\clase42\repositorios\MensajesRepo.js:17:26)
    at processTicksAndRejections (internal/process/task_queues.js:93:5)
    at async MensajesApi.getAll (E:\Users\Fede\Documents\DESA\backend\clase42\controllers\mensajesController.js:24:26)
    at async E:\Users\Fede\Documents\DESA\backend\clase42\services\sockets.js:12:28
[2022-01-27T19:34:32.808] [WARN] myWarn - El usuario no ingresó un campo de Producto requerido .
[2022-01-27T19:35:44.873] [WARN] myWarn - El usuario no ingresó un campo de Producto requerido .
[2022-01-27T19:36:45.164] [WARN] myWarn - Ruta /api/productos/613386a220f1e1ccdcbcde4a método GET no implementado
[2022-01-27T19:39:46.068] [WARN] myWarn - El usuario no ingresó un campo de Producto requerido .
[2022-01-27T19:42:06.762] [WARN] myWarn - El usuario no ingresó un campo de Producto requerido .
[2022-01-27T19:53:04.345] [WARN] myWarn - Unhandled Rejection at: Error [ERR_HTTP_HEADERS_SENT]: Cannot set headers after they are sent to the client
    at ServerResponse.setHeader (_http_outgoing.js:558:11)
    at ServerResponse.header (E:\Users\Fede\Documents\DESA\backend\clase42\node_modules\express\lib\response.js:771:10)
    at ServerResponse.send (E:\Users\Fede\Documents\DESA\backend\clase42\node_modules\express\lib\response.js:170:12)
    at crearProducto (E:\Users\Fede\Documents\DESA\backend\clase42\controllers\productoController.js:48:25)
    at Layer.handle [as handle_request] (E:\Users\Fede\Documents\DESA\backend\clase42\node_modules\express\lib\router\layer.js:95:5)
    at next (E:\Users\Fede\Documents\DESA\backend\clase42\node_modules\express\lib\router\route.js:137:13)
    at Route.dispatch (E:\Users\Fede\Documents\DESA\backend\clase42\node_modules\express\lib\router\route.js:112:3)
    at Layer.handle [as handle_request] (E:\Users\Fede\Documents\DESA\backend\clase42\node_modules\express\lib\router\layer.js:95:5)
    at E:\Users\Fede\Documents\DESA\backend\clase42\node_modules\express\lib\router\index.js:281:22
    at Function.process_params (E:\Users\Fede\Documents\DESA\backend\clase42\node_modules\express\lib\router\index.js:335:12)
[2022-01-27T19:53:04.366] [WARN] myWarn - Ruta /producto.html método GET no implementado
[2022-01-27T19:53:05.183] [WARN] myWarn - Unhandled Rejection at: ValidationError: productos validation failed: nombre: Path `nombre` is required., descripcion: Path `descripcion` is required., codigo: Path `codigo` is required., foto: Path `foto` is required., precio: Path `precio` is required., stock: Path `stock` is required.
    at model.Document.invalidate (E:\Users\Fede\Documents\DESA\backend\clase42\node_modules\mongoose\lib\document.js:2907:32)
    at E:\Users\Fede\Documents\DESA\backend\clase42\node_modules\mongoose\lib\document.js:2698:17
    at E:\Users\Fede\Documents\DESA\backend\clase42\node_modules\mongoose\lib\schematype.js:1280:9
    at processTicksAndRejections (internal/process/task_queues.js:75:11)
[2022-01-27T19:54:03.351] [WARN] myWarn - Unhandled Rejection at: Error [ERR_HTTP_HEADERS_SENT]: Cannot set headers after they are sent to the client
    at ServerResponse.setHeader (_http_outgoing.js:558:11)
    at ServerResponse.header (E:\Users\Fede\Documents\DESA\backend\clase42\node_modules\express\lib\response.js:771:10)
    at ServerResponse.send (E:\Users\Fede\Documents\DESA\backend\clase42\node_modules\express\lib\response.js:170:12)
    at crearProducto (E:\Users\Fede\Documents\DESA\backend\clase42\controllers\productoController.js:47:25)
    at Layer.handle [as handle_request] (E:\Users\Fede\Documents\DESA\backend\clase42\node_modules\express\lib\router\layer.js:95:5)
    at next (E:\Users\Fede\Documents\DESA\backend\clase42\node_modules\express\lib\router\route.js:137:13)
    at Route.dispatch (E:\Users\Fede\Documents\DESA\backend\clase42\node_modules\express\lib\router\route.js:112:3)
    at Layer.handle [as handle_request] (E:\Users\Fede\Documents\DESA\backend\clase42\node_modules\express\lib\router\layer.js:95:5)
    at E:\Users\Fede\Documents\DESA\backend\clase42\node_modules\express\lib\router\index.js:281:22
    at Function.process_params (E:\Users\Fede\Documents\DESA\backend\clase42\node_modules\express\lib\router\index.js:335:12)
[2022-01-27T19:54:03.379] [WARN] myWarn - Unhandled Rejection at: ValidationError: productos validation failed: nombre: Path `nombre` is required., descripcion: Path `descripcion` is required., codigo: Path `codigo` is required., foto: Path `foto` is required., precio: Path `precio` is required., stock: Path `stock` is required.
    at model.Document.invalidate (E:\Users\Fede\Documents\DESA\backend\clase42\node_modules\mongoose\lib\document.js:2907:32)
    at E:\Users\Fede\Documents\DESA\backend\clase42\node_modules\mongoose\lib\document.js:2698:17
    at E:\Users\Fede\Documents\DESA\backend\clase42\node_modules\mongoose\lib\schematype.js:1280:9
    at processTicksAndRejections (internal/process/task_queues.js:75:11)
[2022-01-27T19:54:03.385] [WARN] myWarn - Ruta /producto.html método GET no implementado
[2022-01-27T19:55:59.995] [WARN] myWarn - Unhandled Rejection at: Error [ERR_HTTP_HEADERS_SENT]: Cannot set headers after they are sent to the client
    at ServerResponse.setHeader (_http_outgoing.js:558:11)
    at ServerResponse.header (E:\Users\Fede\Documents\DESA\backend\clase42\node_modules\express\lib\response.js:771:10)
    at ServerResponse.send (E:\Users\Fede\Documents\DESA\backend\clase42\node_modules\express\lib\response.js:170:12)
    at crearProducto (E:\Users\Fede\Documents\DESA\backend\clase42\controllers\productoController.js:47:25)
    at processTicksAndRejections (internal/process/task_queues.js:93:5)
[2022-01-27T19:56:00.001] [WARN] myWarn - Ruta /producto.html método GET no implementado
[2022-01-28T18:10:11.237] [WARN] myWarn - Error en servidor Error: listen EADDRINUSE: address already in use :::8080
[2022-01-28T18:13:11.413] [WARN] myWarn - Ruta /favicon.ico método GET no implementado
[2022-01-28T18:31:03.461] [WARN] myWarn - Ruta /productos/crearproducto método POST no implementado
[2022-01-28T18:31:46.748] [WARN] myWarn - Ruta /productos/crearProducto método POST no implementado
[2022-01-28T19:25:31.453] [WARN] myWarn - Ruta /productos/actualizar/5 método POST no implementado
[2022-01-28T19:25:55.426] [WARN] myWarn - Ruta /productos/actualizar/5 método POST no implementado
[2022-01-28T19:27:26.805] [WARN] myWarn - Ruta /productos/actualizar/5 método POST no implementado
[2022-01-28T19:48:29.966] [WARN] myWarn - Ruta /productos/actualizar/5 método POST no implementado
[2022-01-28T19:50:19.783] [WARN] myWarn - Ruta /productos/actualizar/5 método POST no implementado
[2022-01-28T19:50:42.925] [WARN] myWarn - Ruta /productos/actualizar/5 método POST no implementado
[2022-01-28T19:51:17.686] [WARN] myWarn - Ruta /productos/actualizar/5 método POST no implementado
[2022-01-28T19:57:19.192] [WARN] myWarn - Unhandled Rejection at: Error [ERR_HTTP_HEADERS_SENT]: Cannot set headers after they are sent to the client
    at ServerResponse.setHeader (_http_outgoing.js:558:11)
    at ServerResponse.header (E:\Users\Fede\Documents\DESA\backend\clase42\node_modules\express\lib\response.js:771:10)
    at ServerResponse.send (E:\Users\Fede\Documents\DESA\backend\clase42\node_modules\express\lib\response.js:170:12)
    at eliminarProducto (E:\Users\Fede\Documents\DESA\backend\clase42\controllers\productoController.js:114:25)
    at processTicksAndRejections (internal/process/task_queues.js:93:5)
[2022-01-28T19:58:34.042] [WARN] myWarn - Unhandled Rejection at: Error [ERR_HTTP_HEADERS_SENT]: Cannot set headers after they are sent to the client
    at ServerResponse.setHeader (_http_outgoing.js:558:11)
    at ServerResponse.header (E:\Users\Fede\Documents\DESA\backend\clase42\node_modules\express\lib\response.js:771:10)
    at ServerResponse.send (E:\Users\Fede\Documents\DESA\backend\clase42\node_modules\express\lib\response.js:170:12)
    at eliminarProducto (E:\Users\Fede\Documents\DESA\backend\clase42\controllers\productoController.js:114:25)
    at processTicksAndRejections (internal/process/task_queues.js:93:5)
[2022-01-28T20:09:21.526] [WARN] myWarn - Ruta /favicon.ico método GET no implementado
